<?xml version="1.0" encoding="UTF-8"?>
<!-- Generated by org.testng.reporters.JUnitXMLReporter -->
<testsuite hostname="TOSHIBA" name="Default test" tests="4" failures="0" timestamp="16 Mar 2018 17:53:24 GMT" time="17.576" errors="0">
  <testcase name="testingWithCorrectCredencials" time="4.33" classname="testCases.LoginLogout"/>
  <testcase name="testingWithCorrectCredencials" time="3.974" classname="testCases.LoginLogout"/>
  <testcase name="testingWithIncorrectCredencials" time="1.614" classname="testCases.LoginLogout"/>
  <testcase name="testingWithIncorrectCredencials" time="1.704" classname="testCases.LoginLogout"/>
</testsuite> <!-- Default test -->
