<?xml version="1.0" encoding="UTF-8"?>
<!-- Generated by org.testng.reporters.JUnitXMLReporter -->
<testsuite hostname="TOSHIBA" ignored="0" name="Default test" tests="4" failures="0" timestamp="31 Mar 2018 17:16:38 GMT" time="19.996" errors="0">
  <testcase name="testingWithCorrectCredencials" time="7.287" classname="testCases.LoginLogout"/>
  <testcase name="testingWithCorrectCredencials" time="4.17" classname="testCases.LoginLogout"/>
  <testcase name="testingWithIncorrectCredencials" time="1.495" classname="testCases.LoginLogout"/>
  <testcase name="testingWithIncorrectCredencials" time="1.496" classname="testCases.LoginLogout"/>
</testsuite> <!-- Default test -->
